<?xml version="1.0" encoding="UTF-8"?>
<!-- Generated by org.testng.reporters.JUnitReportReporter -->
<testsuite hostname="DESKTOP-9KKSKOS" failures="0" tests="1" name="demo.com.main.TestCase001" time="14.309" errors="0" timestamp="2024-07-02T12:30:07 IST" skipped="0">
  <testcase classname="demo.com.main.TestCase001" name="TestRegister" time="14.309"/>
</testsuite> <!-- demo.com.main.TestCase001 -->
