<?xml version="1.0" encoding="UTF-8"?>
<!-- Generated by org.testng.reporters.JUnitReportReporter -->
<testsuite hostname="DESKTOP-9KKSKOS" failures="0" tests="1" name="demo.com.main.TestCase003" time="13.724" errors="0" timestamp="2024-07-02T12:30:06 IST" skipped="0">
  <testcase classname="demo.com.main.TestCase003" name="TestForgotPass" time="13.724"/>
</testsuite> <!-- demo.com.main.TestCase003 -->
